<?xml version="1.0" encoding="UTF-8"?>
<!-- Generated by org.testng.reporters.JUnitReportReporter -->
<testsuite hostname="EXIPC0020" failures="0" tests="3" name="SmartAC.Admin.AdoptionTest" time="8.121" errors="0" timestamp="2024-08-24T22:55:10 IST" skipped="0">
  <testcase classname="SmartAC.Admin.AdoptionTest" name="VerifyAdoptionURL" time="4.569"/>
  <system-out/>
  <testcase classname="SmartAC.Admin.AdoptionTest" name="verifyTechnicianListCount" time="2.462"/>
  <system-out/>
  <testcase classname="SmartAC.Admin.AdoptionTest" name="VerifyTechnicianNameLinking" time="1.090"/>
  <system-out/>
</testsuite> <!-- SmartAC.Admin.AdoptionTest -->
