<?xml version="1.0" encoding="UTF-8"?>
<!-- Generated by org.testng.reporters.JUnitReportReporter -->
<testsuite hostname="EXIPC0020" failures="0" tests="1" name="SmartAC.Admin.Login" time="0.019" errors="0" timestamp="2024-07-30T20:26:12 IST" skipped="0">
  <testcase classname="SmartAC.Admin.Login" name="OpenURL" time="0.019"/>
  <system-out/>
</testsuite> <!-- SmartAC.Admin.Login -->
