<?xml version="1.0" encoding="UTF-8"?>
<!-- Generated by org.testng.reporters.JUnitReportReporter -->
<testsuite hostname="EXIPC0020" failures="0" tests="3" name="SmartAC.Admin.TechnicianTest" time="11.806" errors="0" timestamp="2024-09-09T19:05:30 IST" skipped="0">
  <testcase classname="SmartAC.Admin.TechnicianTest" name="VerifyTechnicianURL" time="5.222"/>
  <system-out/>
  <testcase classname="SmartAC.Admin.TechnicianTest" name="TotalTechnicians" time="5.542"/>
  <system-out/>
  <testcase classname="SmartAC.Admin.TechnicianTest" name="VerifyAddATechnician" time="1.042"/>
  <system-out/>
</testsuite> <!-- SmartAC.Admin.TechnicianTest -->
